2021-03-14 18:39:12,095 [Worker-3: Loading available Gradle versions] INFO  o.e.b.c.i.u.g.PublishedGradleVersions - Gradle version information cache is up-to-date. Trying to read.
2021-03-14 18:48:15,287 [Worker-1: Import Getting Started Content] INFO  o.e.m.c.i.l.LifecycleMappingFactory - Using org.eclipse.m2e.jdt.JarLifecycleMapping lifecycle mapping for MavenProject: com.codigorupestre.spacenative:Eureka-Server-Codigo-Rupestre:1.0 @ /home/fernando/Documents/microservicios-codigorupestre/Eureka-Server-Codigo-Rupestre/pom.xml.
2021-03-14 18:48:58,921 [Worker-1: Import Getting Started Content] INFO  o.e.m.j.i.AbstractJavaProjectConfigurator - Adding source folder /Eureka-Server-Codigo-Rupestre/src/main/java
2021-03-14 18:48:58,945 [Worker-1: Import Getting Started Content] INFO  o.e.m.j.i.AbstractJavaProjectConfigurator - Adding resource folder /Eureka-Server-Codigo-Rupestre/src/main/resources
2021-03-14 18:48:59,219 [Worker-1: Import Getting Started Content] INFO  o.e.m.j.i.AbstractJavaProjectConfigurator - Adding resource folder /Eureka-Server-Codigo-Rupestre/src/main/resources
2021-03-14 18:48:59,629 [Worker-1: Import Getting Started Content] INFO  o.e.m.j.i.AbstractJavaProjectConfigurator - Adding source folder /Eureka-Server-Codigo-Rupestre/src/test/java
2021-03-14 18:49:53,160 [Worker-1: Import Getting Started Content] INFO  o.e.m.c.i.p.ProjectConfigurationManager - Imported and configured 1 project(s) in 151 sec
2021-03-14 18:49:53,445 [Worker-1: Import Getting Started Content] INFO  o.e.m.c.i.p.ProjectConfigurationManager - Update started
2021-03-14 18:50:20,928 [Worker-1: Import Getting Started Content] INFO  o.e.m.c.i.l.LifecycleMappingFactory - Using org.eclipse.m2e.jdt.JarLifecycleMapping lifecycle mapping for MavenProject: com.codigorupestre.spacenative:Eureka-Server-Codigo-Rupestre:1.0 @ /home/fernando/Documents/microservicios-codigorupestre/Eureka-Server-Codigo-Rupestre/pom.xml.
2021-03-14 18:50:51,893 [Worker-1: Import Getting Started Content] INFO  o.e.m.j.i.AbstractJavaProjectConfigurator - Adding source folder /Eureka-Server-Codigo-Rupestre/src/main/java
2021-03-14 18:50:51,917 [Worker-1: Import Getting Started Content] INFO  o.e.m.j.i.AbstractJavaProjectConfigurator - Adding resource folder /Eureka-Server-Codigo-Rupestre/src/main/resources
2021-03-14 18:50:51,931 [Worker-1: Import Getting Started Content] INFO  o.e.m.j.i.AbstractJavaProjectConfigurator - Adding resource folder /Eureka-Server-Codigo-Rupestre/src/main/resources
2021-03-14 18:50:51,978 [Worker-1: Import Getting Started Content] INFO  o.e.m.j.i.AbstractJavaProjectConfigurator - Adding source folder /Eureka-Server-Codigo-Rupestre/src/test/java
2021-03-14 18:51:04,409 [Worker-1: Import Getting Started Content] INFO  o.e.m.c.i.p.ProjectConfigurationManager - Update completed: 70 sec
2021-03-14 18:56:25,284 [Worker-1: Building] INFO  o.e.m.c.i.embedder.EclipseLogger - Using 'UTF-8' encoding to copy filtered resources.
2021-03-14 18:56:25,310 [Worker-1: Building] INFO  o.e.m.c.i.embedder.EclipseLogger - Using 'UTF-8' encoding to copy filtered properties files.
2021-03-14 18:56:25,430 [Worker-1: Building] INFO  o.e.m.c.i.embedder.EclipseLogger - Copying 1 resource
2021-03-14 18:56:25,913 [Worker-1: Building] INFO  o.e.m.c.i.embedder.EclipseLogger - Copying 0 resource
2021-03-14 18:56:26,026 [Worker-1: Building] INFO  o.e.m.c.i.embedder.EclipseLogger - Using 'UTF-8' encoding to copy filtered resources.
2021-03-14 18:56:26,026 [Worker-1: Building] INFO  o.e.m.c.i.embedder.EclipseLogger - Using 'UTF-8' encoding to copy filtered properties files.
2021-03-14 18:56:26,026 [Worker-1: Building] INFO  o.e.m.c.i.embedder.EclipseLogger - skip non existing resourceDirectory /home/fernando/Documents/microservicios-codigorupestre/Eureka-Server-Codigo-Rupestre/src/test/resources
2021-03-14 19:06:28,989 [Worker-14: Launching Executing install in _home_fernando_Documents_microservicios-codigorupestre_Eureka-Server-Codigo-Rupestre] INFO  o.e.m.i.launch.MavenLaunchDelegate - /home/fernando/Documents/microservicios-codigorupestre/Eureka-Server-Codigo-Rupestre
2021-03-14 19:06:29,046 [Worker-14: Launching Executing install in _home_fernando_Documents_microservicios-codigorupestre_Eureka-Server-Codigo-Rupestre] INFO  o.e.m.i.launch.MavenLaunchDelegate -  mvn -Ppom.xml -B install -Dstyle.color=always
2021-03-14 19:13:09,184 [Worker-1: Loading available Gradle versions] INFO  o.e.b.c.i.u.g.PublishedGradleVersions - Gradle version information cache is up-to-date. Trying to read.
2021-03-14 19:14:17,980 [Worker-6: Building] INFO  o.e.m.c.i.embedder.EclipseLogger - Using 'UTF-8' encoding to copy filtered resources.
2021-03-14 19:14:17,980 [Worker-6: Building] INFO  o.e.m.c.i.embedder.EclipseLogger - Using 'UTF-8' encoding to copy filtered properties files.
2021-03-14 19:14:17,997 [Worker-6: Building] INFO  o.e.m.c.i.embedder.EclipseLogger - Copying 1 resource
2021-03-14 19:14:18,064 [Worker-6: Building] INFO  o.e.m.c.i.embedder.EclipseLogger - Copying 0 resource
2021-03-14 19:14:18,079 [Worker-6: Building] INFO  o.e.m.c.i.embedder.EclipseLogger - Using 'UTF-8' encoding to copy filtered resources.
2021-03-14 19:14:18,079 [Worker-6: Building] INFO  o.e.m.c.i.embedder.EclipseLogger - Using 'UTF-8' encoding to copy filtered properties files.
2021-03-14 19:14:18,080 [Worker-6: Building] INFO  o.e.m.c.i.embedder.EclipseLogger - skip non existing resourceDirectory /home/fernando/Documents/microservicios-codigorupestre/Eureka-Server-Codigo-Rupestre/src/test/resources
2021-03-14 19:15:25,663 [Worker-3: Launching Executing install in _home_fernando_Documents_microservicios-codigorupestre_Eureka-Server-Codigo-Rupestre] INFO  o.e.m.i.launch.MavenLaunchDelegate - /home/fernando/Documents/microservicios-codigorupestre/Eureka-Server-Codigo-Rupestre
2021-03-14 19:15:25,692 [Worker-3: Launching Executing install in _home_fernando_Documents_microservicios-codigorupestre_Eureka-Server-Codigo-Rupestre] INFO  o.e.m.i.launch.MavenLaunchDelegate -  mvn -Ppom.xml -B install -Dstyle.color=always
2021-03-14 19:16:20,580 [Worker-9: Building] INFO  o.e.m.c.i.embedder.EclipseLogger - Using 'UTF-8' encoding to copy filtered resources.
2021-03-14 19:16:20,580 [Worker-9: Building] INFO  o.e.m.c.i.embedder.EclipseLogger - Using 'UTF-8' encoding to copy filtered properties files.
2021-03-14 19:16:20,582 [Worker-9: Building] INFO  o.e.m.c.i.embedder.EclipseLogger - Copying 0 resource
2021-03-14 19:16:20,582 [Worker-9: Building] INFO  o.e.m.c.i.embedder.EclipseLogger - Copying 0 resource
2021-03-14 19:16:20,591 [Worker-9: Building] INFO  o.e.m.c.i.embedder.EclipseLogger - Using 'UTF-8' encoding to copy filtered resources.
2021-03-14 19:16:20,592 [Worker-9: Building] INFO  o.e.m.c.i.embedder.EclipseLogger - Using 'UTF-8' encoding to copy filtered properties files.
2021-03-14 19:16:20,593 [Worker-9: Building] INFO  o.e.m.c.i.embedder.EclipseLogger - skip non existing resourceDirectory /home/fernando/Documents/microservicios-codigorupestre/Eureka-Server-Codigo-Rupestre/src/test/resources
2021-03-14 19:17:11,994 [Worker-12: Launching Executing clean in _home_fernando_Documents_microservicios-codigorupestre_Eureka-Server-Codigo-Rupestre] INFO  o.e.m.i.launch.MavenLaunchDelegate - /home/fernando/Documents/microservicios-codigorupestre/Eureka-Server-Codigo-Rupestre
2021-03-14 19:17:11,994 [Worker-12: Launching Executing clean in _home_fernando_Documents_microservicios-codigorupestre_Eureka-Server-Codigo-Rupestre] INFO  o.e.m.i.launch.MavenLaunchDelegate -  mvn -Ppom.xml -B clean -Dstyle.color=always
2021-03-14 19:17:19,347 [Worker-5: Building] INFO  o.e.m.c.i.embedder.EclipseLogger - Using 'UTF-8' encoding to copy filtered resources.
2021-03-14 19:17:19,348 [Worker-5: Building] INFO  o.e.m.c.i.embedder.EclipseLogger - Using 'UTF-8' encoding to copy filtered properties files.
2021-03-14 19:17:19,361 [Worker-5: Building] INFO  o.e.m.c.i.embedder.EclipseLogger - Copying 1 resource
2021-03-14 19:17:19,370 [Worker-5: Building] INFO  o.e.m.c.i.embedder.EclipseLogger - Copying 0 resource
2021-03-14 19:17:19,392 [Worker-5: Building] INFO  o.e.m.c.i.embedder.EclipseLogger - Using 'UTF-8' encoding to copy filtered resources.
2021-03-14 19:17:19,392 [Worker-5: Building] INFO  o.e.m.c.i.embedder.EclipseLogger - Using 'UTF-8' encoding to copy filtered properties files.
2021-03-14 19:17:19,392 [Worker-5: Building] INFO  o.e.m.c.i.embedder.EclipseLogger - skip non existing resourceDirectory /home/fernando/Documents/microservicios-codigorupestre/Eureka-Server-Codigo-Rupestre/src/test/resources
2021-03-14 19:17:32,491 [Worker-7: Launching Executing install in _home_fernando_Documents_microservicios-codigorupestre_Eureka-Server-Codigo-Rupestre] INFO  o.e.m.i.launch.MavenLaunchDelegate - /home/fernando/Documents/microservicios-codigorupestre/Eureka-Server-Codigo-Rupestre
2021-03-14 19:17:32,491 [Worker-7: Launching Executing install in _home_fernando_Documents_microservicios-codigorupestre_Eureka-Server-Codigo-Rupestre] INFO  o.e.m.i.launch.MavenLaunchDelegate -  mvn -Ppom.xml -B install -Dstyle.color=always
2021-03-14 19:18:18,276 [Worker-12: Building] INFO  o.e.m.c.i.embedder.EclipseLogger - Using 'UTF-8' encoding to copy filtered resources.
2021-03-14 19:18:18,276 [Worker-12: Building] INFO  o.e.m.c.i.embedder.EclipseLogger - Using 'UTF-8' encoding to copy filtered properties files.
2021-03-14 19:18:18,277 [Worker-12: Building] INFO  o.e.m.c.i.embedder.EclipseLogger - Copying 1 resource
2021-03-14 19:18:18,291 [Worker-12: Building] INFO  o.e.m.c.i.embedder.EclipseLogger - Copying 0 resource
2021-03-14 19:18:18,306 [Worker-12: Building] INFO  o.e.m.c.i.embedder.EclipseLogger - Using 'UTF-8' encoding to copy filtered resources.
2021-03-14 19:18:18,307 [Worker-12: Building] INFO  o.e.m.c.i.embedder.EclipseLogger - Using 'UTF-8' encoding to copy filtered properties files.
2021-03-14 19:18:18,307 [Worker-12: Building] INFO  o.e.m.c.i.embedder.EclipseLogger - skip non existing resourceDirectory /home/fernando/Documents/microservicios-codigorupestre/Eureka-Server-Codigo-Rupestre/src/test/resources
2021-03-14 19:19:15,975 [Worker-3: Building] INFO  o.e.m.c.i.embedder.EclipseLogger - Using 'UTF-8' encoding to copy filtered resources.
2021-03-14 19:19:15,976 [Worker-3: Building] INFO  o.e.m.c.i.embedder.EclipseLogger - Using 'UTF-8' encoding to copy filtered properties files.
2021-03-14 19:19:15,976 [Worker-3: Building] INFO  o.e.m.c.i.embedder.EclipseLogger - Copying 0 resource
2021-03-14 19:19:15,976 [Worker-3: Building] INFO  o.e.m.c.i.embedder.EclipseLogger - Copying 0 resource
2021-03-14 19:19:15,988 [Worker-3: Building] INFO  o.e.m.c.i.embedder.EclipseLogger - Using 'UTF-8' encoding to copy filtered resources.
2021-03-14 19:19:15,989 [Worker-3: Building] INFO  o.e.m.c.i.embedder.EclipseLogger - Using 'UTF-8' encoding to copy filtered properties files.
2021-03-14 19:19:15,989 [Worker-3: Building] INFO  o.e.m.c.i.embedder.EclipseLogger - skip non existing resourceDirectory /home/fernando/Documents/microservicios-codigorupestre/Eureka-Server-Codigo-Rupestre/src/test/resources
2021-03-14 19:23:28,411 [Worker-3: Building] INFO  o.e.m.c.i.embedder.EclipseLogger - Using 'UTF-8' encoding to copy filtered resources.
2021-03-14 19:23:28,412 [Worker-3: Building] INFO  o.e.m.c.i.embedder.EclipseLogger - Using 'UTF-8' encoding to copy filtered properties files.
2021-03-14 19:23:28,419 [Worker-3: Building] INFO  o.e.m.c.i.embedder.EclipseLogger - Copying 1 resource
2021-03-14 19:23:28,692 [Worker-3: Building] INFO  o.e.m.c.i.embedder.EclipseLogger - Copying 0 resource
2021-03-14 19:23:28,719 [Worker-3: Building] INFO  o.e.m.c.i.embedder.EclipseLogger - Using 'UTF-8' encoding to copy filtered resources.
2021-03-14 19:23:28,719 [Worker-3: Building] INFO  o.e.m.c.i.embedder.EclipseLogger - Using 'UTF-8' encoding to copy filtered properties files.
2021-03-14 19:23:28,719 [Worker-3: Building] INFO  o.e.m.c.i.embedder.EclipseLogger - skip non existing resourceDirectory /home/fernando/Documents/microservicios-codigorupestre/Eureka-Server-Codigo-Rupestre/src/test/resources
2021-03-14 19:23:43,519 [Worker-7: Launching Eureka-Server-Codigo-Rupestre - EurekaServerCodigoRupestreApplication] INFO  o.e.m.c.i.embedder.EclipseLogger - Using 'UTF-8' encoding to copy filtered resources.
2021-03-14 19:23:43,519 [Worker-7: Launching Eureka-Server-Codigo-Rupestre - EurekaServerCodigoRupestreApplication] INFO  o.e.m.c.i.embedder.EclipseLogger - Using 'UTF-8' encoding to copy filtered properties files.
2021-03-14 19:23:43,520 [Worker-7: Launching Eureka-Server-Codigo-Rupestre - EurekaServerCodigoRupestreApplication] INFO  o.e.m.c.i.embedder.EclipseLogger - Copying 1 resource
2021-03-14 19:23:43,541 [Worker-7: Launching Eureka-Server-Codigo-Rupestre - EurekaServerCodigoRupestreApplication] INFO  o.e.m.c.i.embedder.EclipseLogger - Copying 0 resource
2021-03-14 19:23:43,552 [Worker-7: Launching Eureka-Server-Codigo-Rupestre - EurekaServerCodigoRupestreApplication] INFO  o.e.m.c.i.embedder.EclipseLogger - Using 'UTF-8' encoding to copy filtered resources.
2021-03-14 19:23:43,552 [Worker-7: Launching Eureka-Server-Codigo-Rupestre - EurekaServerCodigoRupestreApplication] INFO  o.e.m.c.i.embedder.EclipseLogger - Using 'UTF-8' encoding to copy filtered properties files.
2021-03-14 19:23:43,552 [Worker-7: Launching Eureka-Server-Codigo-Rupestre - EurekaServerCodigoRupestreApplication] INFO  o.e.m.c.i.embedder.EclipseLogger - skip non existing resourceDirectory /home/fernando/Documents/microservicios-codigorupestre/Eureka-Server-Codigo-Rupestre/src/test/resources
2021-03-14 19:38:30,346 [Worker-20: Import Getting Started Content] INFO  o.e.m.c.i.l.LifecycleMappingFactory - Using org.eclipse.m2e.jdt.JarLifecycleMapping lifecycle mapping for MavenProject: com.codigorupestre.spacenative.usuarios:usuario-codigo-rupestre-usuarios:1.0 @ /home/fernando/Documents/microservicios-codigorupestre/usuario-codigo-rupestre/pom.xml.
2021-03-14 19:38:33,553 [Worker-20: Import Getting Started Content] INFO  o.e.m.j.i.AbstractJavaProjectConfigurator - Adding source folder /usuario-codigo-rupestre/src/main/java
2021-03-14 19:38:33,554 [Worker-20: Import Getting Started Content] INFO  o.e.m.j.i.AbstractJavaProjectConfigurator - Adding resource folder /usuario-codigo-rupestre/src/main/resources
2021-03-14 19:38:33,577 [Worker-20: Import Getting Started Content] INFO  o.e.m.j.i.AbstractJavaProjectConfigurator - Adding resource folder /usuario-codigo-rupestre/src/main/resources
2021-03-14 19:38:33,611 [Worker-20: Import Getting Started Content] INFO  o.e.m.j.i.AbstractJavaProjectConfigurator - Adding source folder /usuario-codigo-rupestre/src/test/java
2021-03-14 19:38:36,382 [Worker-20: Import Getting Started Content] INFO  o.e.m.c.i.p.ProjectConfigurationManager - Imported and configured 1 project(s) in 10 sec
2021-03-14 19:38:36,395 [Worker-20: Import Getting Started Content] INFO  o.e.m.c.i.p.ProjectConfigurationManager - Update started
2021-03-14 19:38:37,988 [Worker-20: Import Getting Started Content] INFO  o.e.m.c.i.l.LifecycleMappingFactory - Using org.eclipse.m2e.jdt.JarLifecycleMapping lifecycle mapping for MavenProject: com.codigorupestre.spacenative.usuarios:usuario-codigo-rupestre-usuarios:1.0 @ /home/fernando/Documents/microservicios-codigorupestre/usuario-codigo-rupestre/pom.xml.
2021-03-14 19:38:39,759 [Worker-20: Import Getting Started Content] INFO  o.e.m.j.i.AbstractJavaProjectConfigurator - Adding source folder /usuario-codigo-rupestre/src/main/java
2021-03-14 19:38:39,759 [Worker-20: Import Getting Started Content] INFO  o.e.m.j.i.AbstractJavaProjectConfigurator - Adding resource folder /usuario-codigo-rupestre/src/main/resources
2021-03-14 19:38:39,772 [Worker-20: Import Getting Started Content] INFO  o.e.m.j.i.AbstractJavaProjectConfigurator - Adding resource folder /usuario-codigo-rupestre/src/main/resources
2021-03-14 19:38:39,792 [Worker-20: Import Getting Started Content] INFO  o.e.m.j.i.AbstractJavaProjectConfigurator - Adding source folder /usuario-codigo-rupestre/src/test/java
2021-03-14 19:38:41,647 [Worker-20: Import Getting Started Content] INFO  o.e.m.c.i.p.ProjectConfigurationManager - Update completed: 5 sec
2021-03-14 19:38:45,771 [Worker-20: Building] INFO  o.e.m.c.i.embedder.EclipseLogger - Using 'UTF-8' encoding to copy filtered resources.
2021-03-14 19:38:45,771 [Worker-20: Building] INFO  o.e.m.c.i.embedder.EclipseLogger - Using 'UTF-8' encoding to copy filtered properties files.
2021-03-14 19:38:45,781 [Worker-20: Building] INFO  o.e.m.c.i.embedder.EclipseLogger - Copying 1 resource
2021-03-14 19:38:45,783 [Worker-20: Building] INFO  o.e.m.c.i.embedder.EclipseLogger - Copying 0 resource
2021-03-14 19:38:45,795 [Worker-20: Building] INFO  o.e.m.c.i.embedder.EclipseLogger - Using 'UTF-8' encoding to copy filtered resources.
2021-03-14 19:38:45,795 [Worker-20: Building] INFO  o.e.m.c.i.embedder.EclipseLogger - Using 'UTF-8' encoding to copy filtered properties files.
2021-03-14 19:38:45,801 [Worker-20: Building] INFO  o.e.m.c.i.embedder.EclipseLogger - skip non existing resourceDirectory /home/fernando/Documents/microservicios-codigorupestre/usuario-codigo-rupestre/src/test/resources
2021-03-14 19:40:04,631 [Worker-19: Building] INFO  o.e.m.c.i.embedder.EclipseLogger - Using 'UTF-8' encoding to copy filtered resources.
2021-03-14 19:40:04,632 [Worker-19: Building] INFO  o.e.m.c.i.embedder.EclipseLogger - Using 'UTF-8' encoding to copy filtered properties files.
2021-03-14 19:40:04,632 [Worker-19: Building] INFO  o.e.m.c.i.embedder.EclipseLogger - Copying 1 resource
2021-03-14 19:40:04,668 [Worker-19: Building] INFO  o.e.m.c.i.embedder.EclipseLogger - Copying 0 resource
2021-03-14 19:40:04,680 [Worker-19: Building] INFO  o.e.m.c.i.embedder.EclipseLogger - Using 'UTF-8' encoding to copy filtered resources.
2021-03-14 19:40:04,681 [Worker-19: Building] INFO  o.e.m.c.i.embedder.EclipseLogger - Using 'UTF-8' encoding to copy filtered properties files.
2021-03-14 19:40:04,681 [Worker-19: Building] INFO  o.e.m.c.i.embedder.EclipseLogger - skip non existing resourceDirectory /home/fernando/Documents/microservicios-codigorupestre/usuario-codigo-rupestre/src/test/resources
2021-03-14 19:40:22,925 [Worker-21: Building] INFO  o.e.m.c.i.embedder.EclipseLogger - Using 'UTF-8' encoding to copy filtered resources.
2021-03-14 19:40:22,925 [Worker-21: Building] INFO  o.e.m.c.i.embedder.EclipseLogger - Using 'UTF-8' encoding to copy filtered properties files.
2021-03-14 19:40:22,926 [Worker-21: Building] INFO  o.e.m.c.i.embedder.EclipseLogger - Copying 1 resource
2021-03-14 19:40:22,949 [Worker-21: Building] INFO  o.e.m.c.i.embedder.EclipseLogger - Copying 0 resource
2021-03-14 19:40:22,967 [Worker-21: Building] INFO  o.e.m.c.i.embedder.EclipseLogger - Using 'UTF-8' encoding to copy filtered resources.
2021-03-14 19:40:22,967 [Worker-21: Building] INFO  o.e.m.c.i.embedder.EclipseLogger - Using 'UTF-8' encoding to copy filtered properties files.
2021-03-14 19:40:22,967 [Worker-21: Building] INFO  o.e.m.c.i.embedder.EclipseLogger - skip non existing resourceDirectory /home/fernando/Documents/microservicios-codigorupestre/usuario-codigo-rupestre/src/test/resources
2021-03-14 19:41:23,226 [Worker-23: Building] INFO  o.e.m.c.i.embedder.EclipseLogger - Using 'UTF-8' encoding to copy filtered resources.
2021-03-14 19:41:23,226 [Worker-23: Building] INFO  o.e.m.c.i.embedder.EclipseLogger - Using 'UTF-8' encoding to copy filtered properties files.
2021-03-14 19:41:23,227 [Worker-23: Building] INFO  o.e.m.c.i.embedder.EclipseLogger - Copying 1 resource
2021-03-14 19:41:23,244 [Worker-23: Building] INFO  o.e.m.c.i.embedder.EclipseLogger - Copying 0 resource
2021-03-14 19:41:23,302 [Worker-23: Building] INFO  o.e.m.c.i.embedder.EclipseLogger - Using 'UTF-8' encoding to copy filtered resources.
2021-03-14 19:41:23,303 [Worker-23: Building] INFO  o.e.m.c.i.embedder.EclipseLogger - Using 'UTF-8' encoding to copy filtered properties files.
2021-03-14 19:41:23,314 [Worker-23: Building] INFO  o.e.m.c.i.embedder.EclipseLogger - skip non existing resourceDirectory /home/fernando/Documents/microservicios-codigorupestre/usuario-codigo-rupestre/src/test/resources
2021-03-14 19:44:42,143 [Worker-20: Building] INFO  o.e.m.c.i.embedder.EclipseLogger - Using 'UTF-8' encoding to copy filtered resources.
2021-03-14 19:44:42,150 [Worker-20: Building] INFO  o.e.m.c.i.embedder.EclipseLogger - Using 'UTF-8' encoding to copy filtered properties files.
2021-03-14 19:44:42,151 [Worker-20: Building] INFO  o.e.m.c.i.embedder.EclipseLogger - Copying 1 resource
2021-03-14 19:44:42,165 [Worker-20: Building] INFO  o.e.m.c.i.embedder.EclipseLogger - Copying 0 resource
2021-03-14 19:44:42,172 [Worker-20: Building] INFO  o.e.m.c.i.embedder.EclipseLogger - Using 'UTF-8' encoding to copy filtered resources.
2021-03-14 19:44:42,177 [Worker-20: Building] INFO  o.e.m.c.i.embedder.EclipseLogger - Using 'UTF-8' encoding to copy filtered properties files.
2021-03-14 19:44:42,178 [Worker-20: Building] INFO  o.e.m.c.i.embedder.EclipseLogger - skip non existing resourceDirectory /home/fernando/Documents/microservicios-codigorupestre/usuario-codigo-rupestre/src/test/resources
2021-03-14 19:45:05,780 [Worker-24: Building] INFO  o.e.m.c.i.embedder.EclipseLogger - Using 'UTF-8' encoding to copy filtered resources.
2021-03-14 19:45:05,802 [Worker-24: Building] INFO  o.e.m.c.i.embedder.EclipseLogger - Using 'UTF-8' encoding to copy filtered properties files.
2021-03-14 19:45:05,810 [Worker-24: Building] INFO  o.e.m.c.i.embedder.EclipseLogger - Copying 1 resource
2021-03-14 19:45:05,895 [Worker-24: Building] INFO  o.e.m.c.i.embedder.EclipseLogger - Copying 0 resource
2021-03-14 19:45:05,907 [Worker-24: Building] INFO  o.e.m.c.i.embedder.EclipseLogger - Using 'UTF-8' encoding to copy filtered resources.
2021-03-14 19:45:05,909 [Worker-24: Building] INFO  o.e.m.c.i.embedder.EclipseLogger - Using 'UTF-8' encoding to copy filtered properties files.
2021-03-14 19:45:05,909 [Worker-24: Building] INFO  o.e.m.c.i.embedder.EclipseLogger - skip non existing resourceDirectory /home/fernando/Documents/microservicios-codigorupestre/usuario-codigo-rupestre/src/test/resources
2021-03-14 19:45:53,012 [Worker-25: Building] INFO  o.e.m.c.i.embedder.EclipseLogger - Using 'UTF-8' encoding to copy filtered resources.
2021-03-14 19:45:53,012 [Worker-25: Building] INFO  o.e.m.c.i.embedder.EclipseLogger - Using 'UTF-8' encoding to copy filtered properties files.
2021-03-14 19:45:53,012 [Worker-25: Building] INFO  o.e.m.c.i.embedder.EclipseLogger - Copying 1 resource
2021-03-14 19:45:53,067 [Worker-25: Building] INFO  o.e.m.c.i.embedder.EclipseLogger - Copying 0 resource
2021-03-14 19:45:53,077 [Worker-25: Building] INFO  o.e.m.c.i.embedder.EclipseLogger - Using 'UTF-8' encoding to copy filtered resources.
2021-03-14 19:45:53,078 [Worker-25: Building] INFO  o.e.m.c.i.embedder.EclipseLogger - Using 'UTF-8' encoding to copy filtered properties files.
2021-03-14 19:45:53,078 [Worker-25: Building] INFO  o.e.m.c.i.embedder.EclipseLogger - skip non existing resourceDirectory /home/fernando/Documents/microservicios-codigorupestre/usuario-codigo-rupestre/src/test/resources
2021-03-14 19:46:29,593 [Worker-25: Building] INFO  o.e.m.c.i.embedder.EclipseLogger - Using 'UTF-8' encoding to copy filtered resources.
2021-03-14 19:46:29,598 [Worker-25: Building] INFO  o.e.m.c.i.embedder.EclipseLogger - Using 'UTF-8' encoding to copy filtered properties files.
2021-03-14 19:46:29,599 [Worker-25: Building] INFO  o.e.m.c.i.embedder.EclipseLogger - Copying 1 resource
2021-03-14 19:46:29,658 [Worker-25: Building] INFO  o.e.m.c.i.embedder.EclipseLogger - Copying 0 resource
2021-03-14 19:46:29,663 [Worker-25: Building] INFO  o.e.m.c.i.embedder.EclipseLogger - Using 'UTF-8' encoding to copy filtered resources.
2021-03-14 19:46:29,663 [Worker-25: Building] INFO  o.e.m.c.i.embedder.EclipseLogger - Using 'UTF-8' encoding to copy filtered properties files.
2021-03-14 19:46:29,663 [Worker-25: Building] INFO  o.e.m.c.i.embedder.EclipseLogger - skip non existing resourceDirectory /home/fernando/Documents/microservicios-codigorupestre/usuario-codigo-rupestre/src/test/resources
2021-03-14 19:46:40,662 [Worker-25: Building] INFO  o.e.m.c.i.embedder.EclipseLogger - Using 'UTF-8' encoding to copy filtered resources.
2021-03-14 19:46:40,663 [Worker-25: Building] INFO  o.e.m.c.i.embedder.EclipseLogger - Using 'UTF-8' encoding to copy filtered properties files.
2021-03-14 19:46:40,666 [Worker-25: Building] INFO  o.e.m.c.i.embedder.EclipseLogger - Copying 1 resource
2021-03-14 19:46:40,687 [Worker-25: Building] INFO  o.e.m.c.i.embedder.EclipseLogger - Copying 0 resource
2021-03-14 19:46:40,698 [Worker-25: Building] INFO  o.e.m.c.i.embedder.EclipseLogger - Using 'UTF-8' encoding to copy filtered resources.
2021-03-14 19:46:40,698 [Worker-25: Building] INFO  o.e.m.c.i.embedder.EclipseLogger - Using 'UTF-8' encoding to copy filtered properties files.
2021-03-14 19:46:40,698 [Worker-25: Building] INFO  o.e.m.c.i.embedder.EclipseLogger - skip non existing resourceDirectory /home/fernando/Documents/microservicios-codigorupestre/usuario-codigo-rupestre/src/test/resources
2021-03-14 19:46:46,811 [Worker-20: Building] INFO  o.e.m.c.i.embedder.EclipseLogger - Using 'UTF-8' encoding to copy filtered resources.
2021-03-14 19:46:46,811 [Worker-20: Building] INFO  o.e.m.c.i.embedder.EclipseLogger - Using 'UTF-8' encoding to copy filtered properties files.
2021-03-14 19:46:46,812 [Worker-20: Building] INFO  o.e.m.c.i.embedder.EclipseLogger - Copying 1 resource
2021-03-14 19:46:46,839 [Worker-20: Building] INFO  o.e.m.c.i.embedder.EclipseLogger - Copying 0 resource
2021-03-14 19:46:46,846 [Worker-20: Building] INFO  o.e.m.c.i.embedder.EclipseLogger - Using 'UTF-8' encoding to copy filtered resources.
2021-03-14 19:46:46,846 [Worker-20: Building] INFO  o.e.m.c.i.embedder.EclipseLogger - Using 'UTF-8' encoding to copy filtered properties files.
2021-03-14 19:46:46,846 [Worker-20: Building] INFO  o.e.m.c.i.embedder.EclipseLogger - skip non existing resourceDirectory /home/fernando/Documents/microservicios-codigorupestre/usuario-codigo-rupestre/src/test/resources
2021-03-14 19:47:30,083 [Worker-26: Building] INFO  o.e.m.c.i.embedder.EclipseLogger - Using 'UTF-8' encoding to copy filtered resources.
2021-03-14 19:47:30,083 [Worker-26: Building] INFO  o.e.m.c.i.embedder.EclipseLogger - Using 'UTF-8' encoding to copy filtered properties files.
2021-03-14 19:47:30,083 [Worker-26: Building] INFO  o.e.m.c.i.embedder.EclipseLogger - Copying 1 resource
2021-03-14 19:47:30,131 [Worker-26: Building] INFO  o.e.m.c.i.embedder.EclipseLogger - Copying 0 resource
2021-03-14 19:47:30,161 [Worker-26: Building] INFO  o.e.m.c.i.embedder.EclipseLogger - Using 'UTF-8' encoding to copy filtered resources.
2021-03-14 19:47:30,161 [Worker-26: Building] INFO  o.e.m.c.i.embedder.EclipseLogger - Using 'UTF-8' encoding to copy filtered properties files.
2021-03-14 19:47:30,161 [Worker-26: Building] INFO  o.e.m.c.i.embedder.EclipseLogger - skip non existing resourceDirectory /home/fernando/Documents/microservicios-codigorupestre/usuario-codigo-rupestre/src/test/resources
2021-03-14 19:48:16,325 [Worker-20: Building] INFO  o.e.m.c.i.embedder.EclipseLogger - Using 'UTF-8' encoding to copy filtered resources.
2021-03-14 19:48:16,326 [Worker-20: Building] INFO  o.e.m.c.i.embedder.EclipseLogger - Using 'UTF-8' encoding to copy filtered properties files.
2021-03-14 19:48:16,326 [Worker-20: Building] INFO  o.e.m.c.i.embedder.EclipseLogger - Copying 1 resource
2021-03-14 19:48:16,396 [Worker-20: Building] INFO  o.e.m.c.i.embedder.EclipseLogger - Copying 0 resource
2021-03-14 19:48:16,408 [Worker-20: Building] INFO  o.e.m.c.i.embedder.EclipseLogger - Using 'UTF-8' encoding to copy filtered resources.
2021-03-14 19:48:16,409 [Worker-20: Building] INFO  o.e.m.c.i.embedder.EclipseLogger - Using 'UTF-8' encoding to copy filtered properties files.
2021-03-14 19:48:16,409 [Worker-20: Building] INFO  o.e.m.c.i.embedder.EclipseLogger - skip non existing resourceDirectory /home/fernando/Documents/microservicios-codigorupestre/usuario-codigo-rupestre/src/test/resources
2021-03-14 19:48:57,552 [Worker-24: Building] INFO  o.e.m.c.i.embedder.EclipseLogger - Using 'UTF-8' encoding to copy filtered resources.
2021-03-14 19:48:57,556 [Worker-24: Building] INFO  o.e.m.c.i.embedder.EclipseLogger - Using 'UTF-8' encoding to copy filtered properties files.
2021-03-14 19:48:57,559 [Worker-24: Building] INFO  o.e.m.c.i.embedder.EclipseLogger - Copying 1 resource
2021-03-14 19:48:57,598 [Worker-24: Building] INFO  o.e.m.c.i.embedder.EclipseLogger - Copying 0 resource
2021-03-14 19:48:57,604 [Worker-24: Building] INFO  o.e.m.c.i.embedder.EclipseLogger - Using 'UTF-8' encoding to copy filtered resources.
2021-03-14 19:48:57,604 [Worker-24: Building] INFO  o.e.m.c.i.embedder.EclipseLogger - Using 'UTF-8' encoding to copy filtered properties files.
2021-03-14 19:48:57,604 [Worker-24: Building] INFO  o.e.m.c.i.embedder.EclipseLogger - skip non existing resourceDirectory /home/fernando/Documents/microservicios-codigorupestre/usuario-codigo-rupestre/src/test/resources
2021-03-14 19:49:17,297 [Worker-26: Building] INFO  o.e.m.c.i.embedder.EclipseLogger - Using 'UTF-8' encoding to copy filtered resources.
2021-03-14 19:49:17,297 [Worker-26: Building] INFO  o.e.m.c.i.embedder.EclipseLogger - Using 'UTF-8' encoding to copy filtered properties files.
2021-03-14 19:49:17,298 [Worker-26: Building] INFO  o.e.m.c.i.embedder.EclipseLogger - Copying 1 resource
2021-03-14 19:49:17,399 [Worker-26: Building] INFO  o.e.m.c.i.embedder.EclipseLogger - Copying 0 resource
2021-03-14 19:49:17,404 [Worker-26: Building] INFO  o.e.m.c.i.embedder.EclipseLogger - Using 'UTF-8' encoding to copy filtered resources.
2021-03-14 19:49:17,404 [Worker-26: Building] INFO  o.e.m.c.i.embedder.EclipseLogger - Using 'UTF-8' encoding to copy filtered properties files.
2021-03-14 19:49:17,404 [Worker-26: Building] INFO  o.e.m.c.i.embedder.EclipseLogger - skip non existing resourceDirectory /home/fernando/Documents/microservicios-codigorupestre/usuario-codigo-rupestre/src/test/resources
2021-03-14 19:50:04,730 [Worker-25: Launching Executing install in _home_fernando_Documents_microservicios-codigorupestre_usuario-codigo-rupestre] INFO  o.e.m.i.launch.MavenLaunchDelegate - /home/fernando/Documents/microservicios-codigorupestre/usuario-codigo-rupestre
2021-03-14 19:50:04,731 [Worker-25: Launching Executing install in _home_fernando_Documents_microservicios-codigorupestre_usuario-codigo-rupestre] INFO  o.e.m.i.launch.MavenLaunchDelegate -  mvn -Ppom.xml -B install -Dstyle.color=always
2021-03-14 19:50:37,192 [Worker-27: Building] INFO  o.e.m.c.i.embedder.EclipseLogger - Using 'UTF-8' encoding to copy filtered resources.
2021-03-14 19:50:37,192 [Worker-27: Building] INFO  o.e.m.c.i.embedder.EclipseLogger - Using 'UTF-8' encoding to copy filtered properties files.
2021-03-14 19:50:37,193 [Worker-27: Building] INFO  o.e.m.c.i.embedder.EclipseLogger - Copying 1 resource
2021-03-14 19:50:37,205 [Worker-27: Building] INFO  o.e.m.c.i.embedder.EclipseLogger - Copying 0 resource
2021-03-14 19:50:37,221 [Worker-27: Building] INFO  o.e.m.c.i.embedder.EclipseLogger - Using 'UTF-8' encoding to copy filtered resources.
2021-03-14 19:50:37,221 [Worker-27: Building] INFO  o.e.m.c.i.embedder.EclipseLogger - Using 'UTF-8' encoding to copy filtered properties files.
2021-03-14 19:50:37,221 [Worker-27: Building] INFO  o.e.m.c.i.embedder.EclipseLogger - skip non existing resourceDirectory /home/fernando/Documents/microservicios-codigorupestre/usuario-codigo-rupestre/src/test/resources
2021-03-14 19:51:11,023 [Worker-26: Launching Executing install in _home_fernando_Documents_microservicios-codigorupestre_usuario-codigo-rupestre] INFO  o.e.m.i.launch.MavenLaunchDelegate - /home/fernando/Documents/microservicios-codigorupestre/usuario-codigo-rupestre
2021-03-14 19:51:11,023 [Worker-26: Launching Executing install in _home_fernando_Documents_microservicios-codigorupestre_usuario-codigo-rupestre] INFO  o.e.m.i.launch.MavenLaunchDelegate -  mvn -Ppom.xml -B install -Dstyle.color=always
2021-03-14 19:51:32,104 [Worker-24: Building] INFO  o.e.m.c.i.embedder.EclipseLogger - Using 'UTF-8' encoding to copy filtered resources.
2021-03-14 19:51:32,105 [Worker-24: Building] INFO  o.e.m.c.i.embedder.EclipseLogger - Using 'UTF-8' encoding to copy filtered properties files.
2021-03-14 19:51:32,105 [Worker-24: Building] INFO  o.e.m.c.i.embedder.EclipseLogger - Copying 0 resource
2021-03-14 19:51:32,105 [Worker-24: Building] INFO  o.e.m.c.i.embedder.EclipseLogger - Copying 0 resource
2021-03-14 19:51:32,116 [Worker-24: Building] INFO  o.e.m.c.i.embedder.EclipseLogger - Using 'UTF-8' encoding to copy filtered resources.
2021-03-14 19:51:32,116 [Worker-24: Building] INFO  o.e.m.c.i.embedder.EclipseLogger - Using 'UTF-8' encoding to copy filtered properties files.
2021-03-14 19:51:32,117 [Worker-24: Building] INFO  o.e.m.c.i.embedder.EclipseLogger - skip non existing resourceDirectory /home/fernando/Documents/microservicios-codigorupestre/usuario-codigo-rupestre/src/test/resources
2021-03-14 19:52:17,579 [Worker-21: Launching Executing clean in _home_fernando_Documents_microservicios-codigorupestre_usuario-codigo-rupestre] INFO  o.e.m.i.launch.MavenLaunchDelegate - /home/fernando/Documents/microservicios-codigorupestre/usuario-codigo-rupestre
2021-03-14 19:52:17,579 [Worker-21: Launching Executing clean in _home_fernando_Documents_microservicios-codigorupestre_usuario-codigo-rupestre] INFO  o.e.m.i.launch.MavenLaunchDelegate -  mvn -Ppom.xml -B clean -Dstyle.color=always
2021-03-14 19:52:25,798 [Worker-25: Building] INFO  o.e.m.c.i.embedder.EclipseLogger - Using 'UTF-8' encoding to copy filtered resources.
2021-03-14 19:52:25,798 [Worker-25: Building] INFO  o.e.m.c.i.embedder.EclipseLogger - Using 'UTF-8' encoding to copy filtered properties files.
2021-03-14 19:52:25,799 [Worker-25: Building] INFO  o.e.m.c.i.embedder.EclipseLogger - Copying 1 resource
2021-03-14 19:52:25,801 [Worker-25: Building] INFO  o.e.m.c.i.embedder.EclipseLogger - Copying 0 resource
2021-03-14 19:52:25,813 [Worker-25: Building] INFO  o.e.m.c.i.embedder.EclipseLogger - Using 'UTF-8' encoding to copy filtered resources.
2021-03-14 19:52:25,813 [Worker-25: Building] INFO  o.e.m.c.i.embedder.EclipseLogger - Using 'UTF-8' encoding to copy filtered properties files.
2021-03-14 19:52:25,813 [Worker-25: Building] INFO  o.e.m.c.i.embedder.EclipseLogger - skip non existing resourceDirectory /home/fernando/Documents/microservicios-codigorupestre/usuario-codigo-rupestre/src/test/resources
2021-03-14 19:52:38,503 [Worker-24: Launching Executing install in _home_fernando_Documents_microservicios-codigorupestre_usuario-codigo-rupestre] INFO  o.e.m.i.launch.MavenLaunchDelegate - /home/fernando/Documents/microservicios-codigorupestre/usuario-codigo-rupestre
2021-03-14 19:52:38,504 [Worker-24: Launching Executing install in _home_fernando_Documents_microservicios-codigorupestre_usuario-codigo-rupestre] INFO  o.e.m.i.launch.MavenLaunchDelegate -  mvn -Ppom.xml -B install -Dstyle.color=always
2021-03-14 19:53:05,444 [Worker-24: Building] INFO  o.e.m.c.i.embedder.EclipseLogger - Using 'UTF-8' encoding to copy filtered resources.
2021-03-14 19:53:05,444 [Worker-24: Building] INFO  o.e.m.c.i.embedder.EclipseLogger - Using 'UTF-8' encoding to copy filtered properties files.
2021-03-14 19:53:05,448 [Worker-24: Building] INFO  o.e.m.c.i.embedder.EclipseLogger - Copying 1 resource
2021-03-14 19:53:05,450 [Worker-24: Building] INFO  o.e.m.c.i.embedder.EclipseLogger - Copying 0 resource
2021-03-14 19:53:05,460 [Worker-24: Building] INFO  o.e.m.c.i.embedder.EclipseLogger - Using 'UTF-8' encoding to copy filtered resources.
2021-03-14 19:53:05,460 [Worker-24: Building] INFO  o.e.m.c.i.embedder.EclipseLogger - Using 'UTF-8' encoding to copy filtered properties files.
2021-03-14 19:53:05,460 [Worker-24: Building] INFO  o.e.m.c.i.embedder.EclipseLogger - skip non existing resourceDirectory /home/fernando/Documents/microservicios-codigorupestre/usuario-codigo-rupestre/src/test/resources
2021-03-14 19:55:01,299 [Worker-19: Building] INFO  o.e.m.c.i.l.LifecycleMappingFactory - Using org.eclipse.m2e.jdt.JarLifecycleMapping lifecycle mapping for MavenProject: com.codigorupestre.spacenative.usuarios:usuario-codigo-rupestre-usuarios:1.0 @ /home/fernando/Documents/microservicios-codigorupestre/usuario-codigo-rupestre/pom.xml.
2021-03-14 19:55:03,042 [Worker-19: Building] INFO  o.e.m.c.i.embedder.EclipseLogger - Using 'UTF-8' encoding to copy filtered resources.
2021-03-14 19:55:03,042 [Worker-19: Building] INFO  o.e.m.c.i.embedder.EclipseLogger - Using 'UTF-8' encoding to copy filtered properties files.
2021-03-14 19:55:03,042 [Worker-19: Building] INFO  o.e.m.c.i.embedder.EclipseLogger - Copying 0 resource
2021-03-14 19:55:03,042 [Worker-19: Building] INFO  o.e.m.c.i.embedder.EclipseLogger - Copying 0 resource
2021-03-14 19:55:03,050 [Worker-19: Building] INFO  o.e.m.c.i.embedder.EclipseLogger - Using 'UTF-8' encoding to copy filtered resources.
2021-03-14 19:55:03,050 [Worker-19: Building] INFO  o.e.m.c.i.embedder.EclipseLogger - Using 'UTF-8' encoding to copy filtered properties files.
2021-03-14 19:55:03,050 [Worker-19: Building] INFO  o.e.m.c.i.embedder.EclipseLogger - skip non existing resourceDirectory /home/fernando/Documents/microservicios-codigorupestre/usuario-codigo-rupestre/src/test/resources
2021-03-14 19:55:24,057 [Worker-26: Launching Executing clean in _home_fernando_Documents_microservicios-codigorupestre_usuario-codigo-rupestre] INFO  o.e.m.i.launch.MavenLaunchDelegate - /home/fernando/Documents/microservicios-codigorupestre/usuario-codigo-rupestre
2021-03-14 19:55:24,058 [Worker-26: Launching Executing clean in _home_fernando_Documents_microservicios-codigorupestre_usuario-codigo-rupestre] INFO  o.e.m.i.launch.MavenLaunchDelegate -  mvn -Ppom.xml -B clean -Dstyle.color=always
2021-03-14 19:55:34,108 [Worker-19: Building] INFO  o.e.m.c.i.embedder.EclipseLogger - Using 'UTF-8' encoding to copy filtered resources.
2021-03-14 19:55:34,108 [Worker-19: Building] INFO  o.e.m.c.i.embedder.EclipseLogger - Using 'UTF-8' encoding to copy filtered properties files.
2021-03-14 19:55:34,109 [Worker-19: Building] INFO  o.e.m.c.i.embedder.EclipseLogger - Copying 1 resource
2021-03-14 19:55:34,121 [Worker-19: Building] INFO  o.e.m.c.i.embedder.EclipseLogger - Copying 0 resource
2021-03-14 19:55:34,143 [Worker-19: Building] INFO  o.e.m.c.i.embedder.EclipseLogger - Using 'UTF-8' encoding to copy filtered resources.
2021-03-14 19:55:34,143 [Worker-19: Building] INFO  o.e.m.c.i.embedder.EclipseLogger - Using 'UTF-8' encoding to copy filtered properties files.
2021-03-14 19:55:34,143 [Worker-19: Building] INFO  o.e.m.c.i.embedder.EclipseLogger - skip non existing resourceDirectory /home/fernando/Documents/microservicios-codigorupestre/usuario-codigo-rupestre/src/test/resources
2021-03-14 19:55:40,672 [Worker-28: Updating Maven Project] INFO  o.e.m.c.i.p.ProjectConfigurationManager - Update started
2021-03-14 19:55:42,119 [Worker-28: Updating Maven Project] INFO  o.e.m.c.i.l.LifecycleMappingFactory - Using org.eclipse.m2e.jdt.JarLifecycleMapping lifecycle mapping for MavenProject: com.codigorupestre.spacenative.usuarios:usuario-codigo-rupestre-usuarios:1.0 @ /home/fernando/Documents/microservicios-codigorupestre/usuario-codigo-rupestre/pom.xml.
2021-03-14 19:55:43,272 [Worker-28: Updating Maven Project] INFO  o.e.m.j.i.AbstractJavaProjectConfigurator - Adding source folder /usuario-codigo-rupestre/src/main/java
2021-03-14 19:55:43,272 [Worker-28: Updating Maven Project] INFO  o.e.m.j.i.AbstractJavaProjectConfigurator - Adding resource folder /usuario-codigo-rupestre/src/main/resources
2021-03-14 19:55:43,272 [Worker-28: Updating Maven Project] INFO  o.e.m.j.i.AbstractJavaProjectConfigurator - Adding resource folder /usuario-codigo-rupestre/src/main/resources
2021-03-14 19:55:43,273 [Worker-28: Updating Maven Project] INFO  o.e.m.j.i.AbstractJavaProjectConfigurator - Adding source folder /usuario-codigo-rupestre/src/test/java
2021-03-14 19:55:44,115 [Worker-28: Updating Maven Project] INFO  o.e.m.c.i.p.ProjectConfigurationManager - Update completed: 3 sec
2021-03-14 19:55:46,692 [Worker-5: Building] INFO  o.e.m.c.i.embedder.EclipseLogger - Using 'UTF-8' encoding to copy filtered resources.
2021-03-14 19:55:46,692 [Worker-5: Building] INFO  o.e.m.c.i.embedder.EclipseLogger - Using 'UTF-8' encoding to copy filtered properties files.
2021-03-14 19:55:46,698 [Worker-5: Building] INFO  o.e.m.c.i.embedder.EclipseLogger - Copying 1 resource
2021-03-14 19:55:46,699 [Worker-5: Building] INFO  o.e.m.c.i.embedder.EclipseLogger - Copying 0 resource
2021-03-14 19:55:46,705 [Worker-5: Building] INFO  o.e.m.c.i.embedder.EclipseLogger - Using 'UTF-8' encoding to copy filtered resources.
2021-03-14 19:55:46,705 [Worker-5: Building] INFO  o.e.m.c.i.embedder.EclipseLogger - Using 'UTF-8' encoding to copy filtered properties files.
2021-03-14 19:55:46,705 [Worker-5: Building] INFO  o.e.m.c.i.embedder.EclipseLogger - skip non existing resourceDirectory /home/fernando/Documents/microservicios-codigorupestre/usuario-codigo-rupestre/src/test/resources
2021-03-14 19:55:56,057 [Worker-29: Launching Executing install in _home_fernando_Documents_microservicios-codigorupestre_usuario-codigo-rupestre] INFO  o.e.m.i.launch.MavenLaunchDelegate - /home/fernando/Documents/microservicios-codigorupestre/usuario-codigo-rupestre
2021-03-14 19:55:56,058 [Worker-29: Launching Executing install in _home_fernando_Documents_microservicios-codigorupestre_usuario-codigo-rupestre] INFO  o.e.m.i.launch.MavenLaunchDelegate -  mvn -Ppom.xml -B install -Dstyle.color=always
2021-03-14 19:56:20,949 [Worker-24: Building] INFO  o.e.m.c.i.embedder.EclipseLogger - Using 'UTF-8' encoding to copy filtered resources.
2021-03-14 19:56:20,950 [Worker-24: Building] INFO  o.e.m.c.i.embedder.EclipseLogger - Using 'UTF-8' encoding to copy filtered properties files.
2021-03-14 19:56:20,953 [Worker-24: Building] INFO  o.e.m.c.i.embedder.EclipseLogger - Copying 1 resource
2021-03-14 19:56:20,963 [Worker-24: Building] INFO  o.e.m.c.i.embedder.EclipseLogger - Copying 0 resource
2021-03-14 19:56:20,969 [Worker-24: Building] INFO  o.e.m.c.i.embedder.EclipseLogger - Using 'UTF-8' encoding to copy filtered resources.
2021-03-14 19:56:20,970 [Worker-24: Building] INFO  o.e.m.c.i.embedder.EclipseLogger - Using 'UTF-8' encoding to copy filtered properties files.
2021-03-14 19:56:20,970 [Worker-24: Building] INFO  o.e.m.c.i.embedder.EclipseLogger - skip non existing resourceDirectory /home/fernando/Documents/microservicios-codigorupestre/usuario-codigo-rupestre/src/test/resources
2021-03-14 19:58:05,665 [Worker-5: Import Getting Started Content] INFO  o.e.m.c.i.l.LifecycleMappingFactory - Using org.eclipse.m2e.jdt.JarLifecycleMapping lifecycle mapping for MavenProject: com.codigorupestre.spacenative.usuarios:usuario-codigo-rupestre-usuarios:1.0 @ /home/fernando/Documents/microservicios-codigorupestre/usuario-codigo-rupestre/pom.xml.
2021-03-14 19:58:07,451 [Worker-5: Import Getting Started Content] INFO  o.e.m.j.i.AbstractJavaProjectConfigurator - Adding source folder /usuario-codigo-rupestre/src/main/java
2021-03-14 19:58:07,451 [Worker-5: Import Getting Started Content] INFO  o.e.m.j.i.AbstractJavaProjectConfigurator - Adding resource folder /usuario-codigo-rupestre/src/main/resources
2021-03-14 19:58:07,468 [Worker-5: Import Getting Started Content] INFO  o.e.m.j.i.AbstractJavaProjectConfigurator - Adding resource folder /usuario-codigo-rupestre/src/main/resources
2021-03-14 19:58:07,503 [Worker-5: Import Getting Started Content] INFO  o.e.m.j.i.AbstractJavaProjectConfigurator - Adding source folder /usuario-codigo-rupestre/src/test/java
2021-03-14 19:58:08,220 [Worker-5: Import Getting Started Content] INFO  o.e.m.c.i.p.ProjectConfigurationManager - Imported and configured 1 project(s) in 4 sec
2021-03-14 19:58:08,227 [Worker-5: Import Getting Started Content] INFO  o.e.m.c.i.p.ProjectConfigurationManager - Update started
2021-03-14 19:58:09,603 [Worker-5: Import Getting Started Content] INFO  o.e.m.c.i.l.LifecycleMappingFactory - Using org.eclipse.m2e.jdt.JarLifecycleMapping lifecycle mapping for MavenProject: com.codigorupestre.spacenative.usuarios:usuario-codigo-rupestre-usuarios:1.0 @ /home/fernando/Documents/microservicios-codigorupestre/usuario-codigo-rupestre/pom.xml.
2021-03-14 19:58:10,908 [Worker-5: Import Getting Started Content] INFO  o.e.m.j.i.AbstractJavaProjectConfigurator - Adding source folder /usuario-codigo-rupestre/src/main/java
2021-03-14 19:58:10,908 [Worker-5: Import Getting Started Content] INFO  o.e.m.j.i.AbstractJavaProjectConfigurator - Adding resource folder /usuario-codigo-rupestre/src/main/resources
2021-03-14 19:58:10,919 [Worker-5: Import Getting Started Content] INFO  o.e.m.j.i.AbstractJavaProjectConfigurator - Adding resource folder /usuario-codigo-rupestre/src/main/resources
2021-03-14 19:58:10,940 [Worker-5: Import Getting Started Content] INFO  o.e.m.j.i.AbstractJavaProjectConfigurator - Adding source folder /usuario-codigo-rupestre/src/test/java
2021-03-14 19:58:11,349 [Worker-5: Import Getting Started Content] INFO  o.e.m.c.i.p.ProjectConfigurationManager - Update completed: 3 sec
2021-03-14 19:58:13,775 [Worker-21: Building] INFO  o.e.m.c.i.embedder.EclipseLogger - Using 'UTF-8' encoding to copy filtered resources.
2021-03-14 19:58:13,775 [Worker-21: Building] INFO  o.e.m.c.i.embedder.EclipseLogger - Using 'UTF-8' encoding to copy filtered properties files.
2021-03-14 19:58:13,776 [Worker-21: Building] INFO  o.e.m.c.i.embedder.EclipseLogger - Copying 1 resource
2021-03-14 19:58:13,777 [Worker-21: Building] INFO  o.e.m.c.i.embedder.EclipseLogger - Copying 0 resource
2021-03-14 19:58:13,789 [Worker-21: Building] INFO  o.e.m.c.i.embedder.EclipseLogger - Using 'UTF-8' encoding to copy filtered resources.
2021-03-14 19:58:13,789 [Worker-21: Building] INFO  o.e.m.c.i.embedder.EclipseLogger - Using 'UTF-8' encoding to copy filtered properties files.
2021-03-14 19:58:13,789 [Worker-21: Building] INFO  o.e.m.c.i.embedder.EclipseLogger - skip non existing resourceDirectory /home/fernando/Documents/microservicios-codigorupestre/usuario-codigo-rupestre/src/test/resources
2021-03-14 19:58:48,687 [Worker-25: Launching Executing install in _home_fernando_Documents_microservicios-codigorupestre_usuario-codigo-rupestre] INFO  o.e.m.i.launch.MavenLaunchDelegate - /home/fernando/Documents/microservicios-codigorupestre/usuario-codigo-rupestre
2021-03-14 19:58:48,687 [Worker-25: Launching Executing install in _home_fernando_Documents_microservicios-codigorupestre_usuario-codigo-rupestre] INFO  o.e.m.i.launch.MavenLaunchDelegate -  mvn -Ppom.xml -B install -Dstyle.color=always
2021-03-14 19:59:17,397 [Worker-24: Building] INFO  o.e.m.c.i.embedder.EclipseLogger - Using 'UTF-8' encoding to copy filtered resources.
2021-03-14 19:59:17,397 [Worker-24: Building] INFO  o.e.m.c.i.embedder.EclipseLogger - Using 'UTF-8' encoding to copy filtered properties files.
2021-03-14 19:59:17,398 [Worker-24: Building] INFO  o.e.m.c.i.embedder.EclipseLogger - Copying 1 resource
2021-03-14 19:59:17,402 [Worker-24: Building] INFO  o.e.m.c.i.embedder.EclipseLogger - Copying 0 resource
2021-03-14 19:59:17,411 [Worker-24: Building] INFO  o.e.m.c.i.embedder.EclipseLogger - Using 'UTF-8' encoding to copy filtered resources.
2021-03-14 19:59:17,411 [Worker-24: Building] INFO  o.e.m.c.i.embedder.EclipseLogger - Using 'UTF-8' encoding to copy filtered properties files.
2021-03-14 19:59:17,412 [Worker-24: Building] INFO  o.e.m.c.i.embedder.EclipseLogger - skip non existing resourceDirectory /home/fernando/Documents/microservicios-codigorupestre/usuario-codigo-rupestre/src/test/resources
2021-03-14 20:00:15,942 [Worker-26: Launching Executing install in _home_fernando_Documents_microservicios-codigorupestre_Eureka-Server-Codigo-Rupestre] INFO  o.e.m.i.launch.MavenLaunchDelegate - /home/fernando/Documents/microservicios-codigorupestre/Eureka-Server-Codigo-Rupestre
2021-03-14 20:00:15,942 [Worker-26: Launching Executing install in _home_fernando_Documents_microservicios-codigorupestre_Eureka-Server-Codigo-Rupestre] INFO  o.e.m.i.launch.MavenLaunchDelegate -  mvn -Ppom.xml -B install -Dstyle.color=always
2021-03-14 20:00:53,900 [Worker-30: Building] INFO  o.e.m.c.i.embedder.EclipseLogger - Using 'UTF-8' encoding to copy filtered resources.
2021-03-14 20:00:53,904 [Worker-30: Building] INFO  o.e.m.c.i.embedder.EclipseLogger - Using 'UTF-8' encoding to copy filtered properties files.
2021-03-14 20:00:53,909 [Worker-30: Building] INFO  o.e.m.c.i.embedder.EclipseLogger - Copying 0 resource
2021-03-14 20:00:53,910 [Worker-30: Building] INFO  o.e.m.c.i.embedder.EclipseLogger - Copying 0 resource
2021-03-14 20:00:53,940 [Worker-30: Building] INFO  o.e.m.c.i.embedder.EclipseLogger - Using 'UTF-8' encoding to copy filtered resources.
2021-03-14 20:00:53,940 [Worker-30: Building] INFO  o.e.m.c.i.embedder.EclipseLogger - Using 'UTF-8' encoding to copy filtered properties files.
2021-03-14 20:00:53,940 [Worker-30: Building] INFO  o.e.m.c.i.embedder.EclipseLogger - skip non existing resourceDirectory /home/fernando/Documents/microservicios-codigorupestre/Eureka-Server-Codigo-Rupestre/src/test/resources
2021-03-14 20:02:06,869 [Worker-1: Loading available Gradle versions] INFO  o.e.b.c.i.u.g.PublishedGradleVersions - Gradle version information cache is up-to-date. Trying to read.
2021-03-14 20:05:36,981 [Worker-5: Import Getting Started Content] INFO  o.e.m.c.i.l.LifecycleMappingFactory - Using org.eclipse.m2e.jdt.JarLifecycleMapping lifecycle mapping for MavenProject: com.codigorupestre.spacenative.usuarios:usuario-codigo-rupestre-usuarios:1.0 @ /home/fernando/Documents/microservicios-codigorupestre/usuario-codigo-rupestre/pom.xml.
2021-03-14 20:05:41,615 [Worker-5: Import Getting Started Content] INFO  o.e.m.j.i.AbstractJavaProjectConfigurator - Adding source folder /usuario-codigo-rupestre/src/main/java
2021-03-14 20:05:41,623 [Worker-5: Import Getting Started Content] INFO  o.e.m.j.i.AbstractJavaProjectConfigurator - Adding resource folder /usuario-codigo-rupestre/src/main/resources
2021-03-14 20:05:41,665 [Worker-5: Import Getting Started Content] INFO  o.e.m.j.i.AbstractJavaProjectConfigurator - Adding resource folder /usuario-codigo-rupestre/src/main/resources
2021-03-14 20:05:41,709 [Worker-5: Import Getting Started Content] INFO  o.e.m.j.i.AbstractJavaProjectConfigurator - Adding source folder /usuario-codigo-rupestre/src/test/java
2021-03-14 20:05:43,595 [Worker-5: Import Getting Started Content] INFO  o.e.m.c.i.p.ProjectConfigurationManager - Imported and configured 1 project(s) in 11 sec
2021-03-14 20:05:43,642 [Worker-5: Import Getting Started Content] INFO  o.e.m.c.i.p.ProjectConfigurationManager - Update started
2021-03-14 20:05:45,856 [Worker-5: Import Getting Started Content] INFO  o.e.m.c.i.l.LifecycleMappingFactory - Using org.eclipse.m2e.jdt.JarLifecycleMapping lifecycle mapping for MavenProject: com.codigorupestre.spacenative.usuarios:usuario-codigo-rupestre-usuarios:1.0 @ /home/fernando/Documents/microservicios-codigorupestre/usuario-codigo-rupestre/pom.xml.
2021-03-14 20:05:47,762 [Worker-5: Import Getting Started Content] INFO  o.e.m.j.i.AbstractJavaProjectConfigurator - Adding source folder /usuario-codigo-rupestre/src/main/java
2021-03-14 20:05:47,764 [Worker-5: Import Getting Started Content] INFO  o.e.m.j.i.AbstractJavaProjectConfigurator - Adding resource folder /usuario-codigo-rupestre/src/main/resources
2021-03-14 20:05:47,779 [Worker-5: Import Getting Started Content] INFO  o.e.m.j.i.AbstractJavaProjectConfigurator - Adding resource folder /usuario-codigo-rupestre/src/main/resources
2021-03-14 20:05:47,814 [Worker-5: Import Getting Started Content] INFO  o.e.m.j.i.AbstractJavaProjectConfigurator - Adding source folder /usuario-codigo-rupestre/src/test/java
2021-03-14 20:05:48,962 [Worker-5: Import Getting Started Content] INFO  o.e.m.c.i.p.ProjectConfigurationManager - Update completed: 5 sec
2021-03-14 20:05:54,869 [Worker-13: Building] INFO  o.e.m.c.i.embedder.EclipseLogger - Using 'UTF-8' encoding to copy filtered resources.
2021-03-14 20:05:54,879 [Worker-13: Building] INFO  o.e.m.c.i.embedder.EclipseLogger - Using 'UTF-8' encoding to copy filtered properties files.
2021-03-14 20:05:54,922 [Worker-13: Building] INFO  o.e.m.c.i.embedder.EclipseLogger - Copying 1 resource
2021-03-14 20:05:54,980 [Worker-13: Building] INFO  o.e.m.c.i.embedder.EclipseLogger - Copying 0 resource
2021-03-14 20:05:55,004 [Worker-13: Building] INFO  o.e.m.c.i.embedder.EclipseLogger - Using 'UTF-8' encoding to copy filtered resources.
2021-03-14 20:05:55,004 [Worker-13: Building] INFO  o.e.m.c.i.embedder.EclipseLogger - Using 'UTF-8' encoding to copy filtered properties files.
2021-03-14 20:05:55,005 [Worker-13: Building] INFO  o.e.m.c.i.embedder.EclipseLogger - skip non existing resourceDirectory /home/fernando/Documents/microservicios-codigorupestre/usuario-codigo-rupestre/src/test/resources
2021-03-14 20:06:37,029 [Worker-4: Launching Executing install in _home_fernando_Documents_microservicios-codigorupestre_usuario-codigo-rupestre] INFO  o.e.m.i.launch.MavenLaunchDelegate - /home/fernando/Documents/microservicios-codigorupestre/usuario-codigo-rupestre
2021-03-14 20:06:37,031 [Worker-4: Launching Executing install in _home_fernando_Documents_microservicios-codigorupestre_usuario-codigo-rupestre] INFO  o.e.m.i.launch.MavenLaunchDelegate -  mvn -Ppom.xml -B install -Dstyle.color=always
2021-03-14 20:07:09,479 [Worker-4: Building] INFO  o.e.m.c.i.embedder.EclipseLogger - Using 'UTF-8' encoding to copy filtered resources.
2021-03-14 20:07:09,479 [Worker-4: Building] INFO  o.e.m.c.i.embedder.EclipseLogger - Using 'UTF-8' encoding to copy filtered properties files.
2021-03-14 20:07:09,547 [Worker-4: Building] INFO  o.e.m.c.i.embedder.EclipseLogger - Copying 1 resource
2021-03-14 20:07:09,557 [Worker-4: Building] INFO  o.e.m.c.i.embedder.EclipseLogger - Copying 0 resource
2021-03-14 20:07:09,566 [Worker-4: Building] INFO  o.e.m.c.i.embedder.EclipseLogger - Using 'UTF-8' encoding to copy filtered resources.
2021-03-14 20:07:09,566 [Worker-4: Building] INFO  o.e.m.c.i.embedder.EclipseLogger - Using 'UTF-8' encoding to copy filtered properties files.
2021-03-14 20:07:09,566 [Worker-4: Building] INFO  o.e.m.c.i.embedder.EclipseLogger - skip non existing resourceDirectory /home/fernando/Documents/microservicios-codigorupestre/usuario-codigo-rupestre/src/test/resources
2021-03-14 20:08:55,729 [Worker-4: Building] INFO  o.e.m.c.i.l.LifecycleMappingFactory - Using org.eclipse.m2e.jdt.JarLifecycleMapping lifecycle mapping for MavenProject: com.codigorupestre.spacenative.usuarios:usuario-codigo-rupestre-usuarios:1.0 @ /home/fernando/Documents/microservicios-codigorupestre/usuario-codigo-rupestre/pom.xml.
2021-03-14 20:08:56,730 [Worker-4: Building] WARN  o.e.m.c.i.embedder.EclipseLogger - The POM for com.oracle:ojdbc7:jar:12.1.0.2 is missing, no dependency information available
2021-03-14 20:08:57,766 [Worker-4: Building] INFO  o.e.m.c.i.embedder.EclipseLogger - Using 'UTF-8' encoding to copy filtered resources.
2021-03-14 20:08:57,766 [Worker-4: Building] INFO  o.e.m.c.i.embedder.EclipseLogger - Using 'UTF-8' encoding to copy filtered properties files.
2021-03-14 20:08:57,776 [Worker-4: Building] INFO  o.e.m.c.i.embedder.EclipseLogger - Copying 0 resource
2021-03-14 20:08:57,776 [Worker-4: Building] INFO  o.e.m.c.i.embedder.EclipseLogger - Copying 0 resource
2021-03-14 20:08:57,794 [Worker-4: Building] INFO  o.e.m.c.i.embedder.EclipseLogger - Using 'UTF-8' encoding to copy filtered resources.
2021-03-14 20:08:57,796 [Worker-4: Building] INFO  o.e.m.c.i.embedder.EclipseLogger - Using 'UTF-8' encoding to copy filtered properties files.
2021-03-14 20:08:57,797 [Worker-4: Building] INFO  o.e.m.c.i.embedder.EclipseLogger - skip non existing resourceDirectory /home/fernando/Documents/microservicios-codigorupestre/usuario-codigo-rupestre/src/test/resources
2021-03-14 20:09:02,628 [Worker-17: Building] WARN  o.e.m.c.i.embedder.EclipseLogger - The POM for com.oracle:ojdbc7:jar:12.1.0.2 is missing, no dependency information available
2021-03-14 20:09:02,718 [Worker-17: Building] INFO  o.e.m.c.i.embedder.EclipseLogger - Using 'UTF-8' encoding to copy filtered resources.
2021-03-14 20:09:02,718 [Worker-17: Building] INFO  o.e.m.c.i.embedder.EclipseLogger - Using 'UTF-8' encoding to copy filtered properties files.
2021-03-14 20:09:02,719 [Worker-17: Building] INFO  o.e.m.c.i.embedder.EclipseLogger - Copying 1 resource
2021-03-14 20:09:02,783 [Worker-17: Building] INFO  o.e.m.c.i.embedder.EclipseLogger - Copying 0 resource
2021-03-14 20:09:02,798 [Worker-17: Building] INFO  o.e.m.c.i.embedder.EclipseLogger - Using 'UTF-8' encoding to copy filtered resources.
2021-03-14 20:09:02,798 [Worker-17: Building] INFO  o.e.m.c.i.embedder.EclipseLogger - Using 'UTF-8' encoding to copy filtered properties files.
2021-03-14 20:09:02,798 [Worker-17: Building] INFO  o.e.m.c.i.embedder.EclipseLogger - skip non existing resourceDirectory /home/fernando/Documents/microservicios-codigorupestre/usuario-codigo-rupestre/src/test/resources
2021-03-14 20:12:04,253 [Worker-17: Building] INFO  o.e.m.c.i.embedder.EclipseLogger - Using 'UTF-8' encoding to copy filtered resources.
2021-03-14 20:12:04,259 [Worker-17: Building] INFO  o.e.m.c.i.embedder.EclipseLogger - Using 'UTF-8' encoding to copy filtered properties files.
2021-03-14 20:12:04,260 [Worker-17: Building] INFO  o.e.m.c.i.embedder.EclipseLogger - Copying 1 resource
2021-03-14 20:12:04,278 [Worker-17: Building] INFO  o.e.m.c.i.embedder.EclipseLogger - Copying 0 resource
2021-03-14 20:12:04,287 [Worker-17: Building] INFO  o.e.m.c.i.embedder.EclipseLogger - Using 'UTF-8' encoding to copy filtered resources.
2021-03-14 20:12:04,288 [Worker-17: Building] INFO  o.e.m.c.i.embedder.EclipseLogger - Using 'UTF-8' encoding to copy filtered properties files.
2021-03-14 20:12:04,288 [Worker-17: Building] INFO  o.e.m.c.i.embedder.EclipseLogger - skip non existing resourceDirectory /home/fernando/Documents/microservicios-codigorupestre/usuario-codigo-rupestre/src/test/resources
2021-03-14 20:13:07,350 [Worker-16: Building] INFO  o.e.m.c.i.embedder.EclipseLogger - Using 'UTF-8' encoding to copy filtered resources.
2021-03-14 20:13:07,350 [Worker-16: Building] INFO  o.e.m.c.i.embedder.EclipseLogger - Using 'UTF-8' encoding to copy filtered properties files.
2021-03-14 20:13:07,366 [Worker-16: Building] INFO  o.e.m.c.i.embedder.EclipseLogger - Copying 1 resource
2021-03-14 20:13:07,401 [Worker-16: Building] INFO  o.e.m.c.i.embedder.EclipseLogger - Copying 0 resource
2021-03-14 20:13:07,425 [Worker-16: Building] INFO  o.e.m.c.i.embedder.EclipseLogger - Using 'UTF-8' encoding to copy filtered resources.
2021-03-14 20:13:07,425 [Worker-16: Building] INFO  o.e.m.c.i.embedder.EclipseLogger - Using 'UTF-8' encoding to copy filtered properties files.
2021-03-14 20:13:07,425 [Worker-16: Building] INFO  o.e.m.c.i.embedder.EclipseLogger - skip non existing resourceDirectory /home/fernando/Documents/microservicios-codigorupestre/usuario-codigo-rupestre/src/test/resources
2021-03-14 20:13:34,889 [Worker-17: Building] INFO  o.e.m.c.i.embedder.EclipseLogger - Using 'UTF-8' encoding to copy filtered resources.
2021-03-14 20:13:34,890 [Worker-17: Building] INFO  o.e.m.c.i.embedder.EclipseLogger - Using 'UTF-8' encoding to copy filtered properties files.
2021-03-14 20:13:34,899 [Worker-17: Building] INFO  o.e.m.c.i.embedder.EclipseLogger - Copying 1 resource
2021-03-14 20:13:34,965 [Worker-17: Building] INFO  o.e.m.c.i.embedder.EclipseLogger - Copying 0 resource
2021-03-14 20:13:34,988 [Worker-17: Building] INFO  o.e.m.c.i.embedder.EclipseLogger - Using 'UTF-8' encoding to copy filtered resources.
2021-03-14 20:13:34,988 [Worker-17: Building] INFO  o.e.m.c.i.embedder.EclipseLogger - Using 'UTF-8' encoding to copy filtered properties files.
2021-03-14 20:13:34,988 [Worker-17: Building] INFO  o.e.m.c.i.embedder.EclipseLogger - skip non existing resourceDirectory /home/fernando/Documents/microservicios-codigorupestre/usuario-codigo-rupestre/src/test/resources
2021-03-14 20:13:54,123 [Worker-19: Building] INFO  o.e.m.c.i.embedder.EclipseLogger - Using 'UTF-8' encoding to copy filtered resources.
2021-03-14 20:13:54,124 [Worker-19: Building] INFO  o.e.m.c.i.embedder.EclipseLogger - Using 'UTF-8' encoding to copy filtered properties files.
2021-03-14 20:13:54,124 [Worker-19: Building] INFO  o.e.m.c.i.embedder.EclipseLogger - Copying 1 resource
2021-03-14 20:13:54,246 [Worker-19: Building] INFO  o.e.m.c.i.embedder.EclipseLogger - Copying 0 resource
2021-03-14 20:13:54,250 [Worker-19: Building] INFO  o.e.m.c.i.embedder.EclipseLogger - Using 'UTF-8' encoding to copy filtered resources.
2021-03-14 20:13:54,250 [Worker-19: Building] INFO  o.e.m.c.i.embedder.EclipseLogger - Using 'UTF-8' encoding to copy filtered properties files.
2021-03-14 20:13:54,250 [Worker-19: Building] INFO  o.e.m.c.i.embedder.EclipseLogger - skip non existing resourceDirectory /home/fernando/Documents/microservicios-codigorupestre/usuario-codigo-rupestre/src/test/resources
2021-03-14 20:15:06,880 [Worker-17: Building] INFO  o.e.m.c.i.embedder.EclipseLogger - Using 'UTF-8' encoding to copy filtered resources.
2021-03-14 20:15:06,880 [Worker-17: Building] INFO  o.e.m.c.i.embedder.EclipseLogger - Using 'UTF-8' encoding to copy filtered properties files.
2021-03-14 20:15:06,883 [Worker-17: Building] INFO  o.e.m.c.i.embedder.EclipseLogger - Copying 1 resource
2021-03-14 20:15:06,967 [Worker-17: Building] INFO  o.e.m.c.i.embedder.EclipseLogger - Copying 0 resource
2021-03-14 20:15:06,983 [Worker-17: Building] INFO  o.e.m.c.i.embedder.EclipseLogger - Using 'UTF-8' encoding to copy filtered resources.
2021-03-14 20:15:06,984 [Worker-17: Building] INFO  o.e.m.c.i.embedder.EclipseLogger - Using 'UTF-8' encoding to copy filtered properties files.
2021-03-14 20:15:06,985 [Worker-17: Building] INFO  o.e.m.c.i.embedder.EclipseLogger - skip non existing resourceDirectory /home/fernando/Documents/microservicios-codigorupestre/usuario-codigo-rupestre/src/test/resources
2021-03-14 20:19:51,291 [Worker-18: Launching Executing install in _home_fernando_Documents_microservicios-codigorupestre_usuario-codigo-rupestre] INFO  o.e.m.i.launch.MavenLaunchDelegate - /home/fernando/Documents/microservicios-codigorupestre/usuario-codigo-rupestre
2021-03-14 20:19:51,295 [Worker-18: Launching Executing install in _home_fernando_Documents_microservicios-codigorupestre_usuario-codigo-rupestre] INFO  o.e.m.i.launch.MavenLaunchDelegate -  mvn -Ppom.xml -B install -Dstyle.color=always
2021-03-14 20:33:53,258 [Worker-30: Building] INFO  o.e.m.c.i.embedder.EclipseLogger - Using 'UTF-8' encoding to copy filtered resources.
2021-03-14 20:33:53,269 [Worker-30: Building] INFO  o.e.m.c.i.embedder.EclipseLogger - Using 'UTF-8' encoding to copy filtered properties files.
2021-03-14 20:33:53,270 [Worker-30: Building] INFO  o.e.m.c.i.embedder.EclipseLogger - Copying 1 resource
2021-03-14 20:33:53,290 [Worker-30: Building] INFO  o.e.m.c.i.embedder.EclipseLogger - Copying 0 resource
2021-03-14 20:33:53,303 [Worker-30: Building] INFO  o.e.m.c.i.embedder.EclipseLogger - Using 'UTF-8' encoding to copy filtered resources.
2021-03-14 20:33:53,303 [Worker-30: Building] INFO  o.e.m.c.i.embedder.EclipseLogger - Using 'UTF-8' encoding to copy filtered properties files.
2021-03-14 20:33:53,303 [Worker-30: Building] INFO  o.e.m.c.i.embedder.EclipseLogger - skip non existing resourceDirectory /home/fernando/Documents/microservicios-codigorupestre/usuario-codigo-rupestre/src/test/resources
2021-03-14 20:34:46,089 [Worker-31: Building] INFO  o.e.m.c.i.embedder.EclipseLogger - Using 'UTF-8' encoding to copy filtered resources.
2021-03-14 20:34:46,089 [Worker-31: Building] INFO  o.e.m.c.i.embedder.EclipseLogger - Using 'UTF-8' encoding to copy filtered properties files.
2021-03-14 20:34:46,093 [Worker-31: Building] INFO  o.e.m.c.i.embedder.EclipseLogger - Copying 1 resource
2021-03-14 20:34:46,137 [Worker-31: Building] INFO  o.e.m.c.i.embedder.EclipseLogger - Copying 0 resource
2021-03-14 20:34:46,153 [Worker-31: Building] INFO  o.e.m.c.i.embedder.EclipseLogger - Using 'UTF-8' encoding to copy filtered resources.
2021-03-14 20:34:46,163 [Worker-31: Building] INFO  o.e.m.c.i.embedder.EclipseLogger - Using 'UTF-8' encoding to copy filtered properties files.
2021-03-14 20:34:46,163 [Worker-31: Building] INFO  o.e.m.c.i.embedder.EclipseLogger - skip non existing resourceDirectory /home/fernando/Documents/microservicios-codigorupestre/usuario-codigo-rupestre/src/test/resources
2021-03-14 20:35:27,925 [Worker-31: Building] INFO  o.e.m.c.i.embedder.EclipseLogger - Using 'UTF-8' encoding to copy filtered resources.
2021-03-14 20:35:27,933 [Worker-31: Building] INFO  o.e.m.c.i.embedder.EclipseLogger - Using 'UTF-8' encoding to copy filtered properties files.
2021-03-14 20:35:27,934 [Worker-31: Building] INFO  o.e.m.c.i.embedder.EclipseLogger - Copying 1 resource
2021-03-14 20:35:27,971 [Worker-31: Building] INFO  o.e.m.c.i.embedder.EclipseLogger - Copying 0 resource
2021-03-14 20:35:27,977 [Worker-31: Building] INFO  o.e.m.c.i.embedder.EclipseLogger - Using 'UTF-8' encoding to copy filtered resources.
2021-03-14 20:35:27,977 [Worker-31: Building] INFO  o.e.m.c.i.embedder.EclipseLogger - Using 'UTF-8' encoding to copy filtered properties files.
2021-03-14 20:35:27,985 [Worker-31: Building] INFO  o.e.m.c.i.embedder.EclipseLogger - skip non existing resourceDirectory /home/fernando/Documents/microservicios-codigorupestre/usuario-codigo-rupestre/src/test/resources
2021-03-14 20:35:35,362 [Worker-17: Building] INFO  o.e.m.c.i.embedder.EclipseLogger - Using 'UTF-8' encoding to copy filtered resources.
2021-03-14 20:35:35,362 [Worker-17: Building] INFO  o.e.m.c.i.embedder.EclipseLogger - Using 'UTF-8' encoding to copy filtered properties files.
2021-03-14 20:35:35,374 [Worker-17: Building] INFO  o.e.m.c.i.embedder.EclipseLogger - Copying 1 resource
2021-03-14 20:35:35,597 [Worker-17: Building] INFO  o.e.m.c.i.embedder.EclipseLogger - Copying 0 resource
2021-03-14 20:35:35,612 [Worker-17: Building] INFO  o.e.m.c.i.embedder.EclipseLogger - Using 'UTF-8' encoding to copy filtered resources.
2021-03-14 20:35:35,614 [Worker-17: Building] INFO  o.e.m.c.i.embedder.EclipseLogger - Using 'UTF-8' encoding to copy filtered properties files.
2021-03-14 20:35:35,615 [Worker-17: Building] INFO  o.e.m.c.i.embedder.EclipseLogger - skip non existing resourceDirectory /home/fernando/Documents/microservicios-codigorupestre/usuario-codigo-rupestre/src/test/resources
2021-03-14 20:36:51,598 [Worker-24: Building] INFO  o.e.m.c.i.embedder.EclipseLogger - Using 'UTF-8' encoding to copy filtered resources.
2021-03-14 20:36:51,611 [Worker-24: Building] INFO  o.e.m.c.i.embedder.EclipseLogger - Using 'UTF-8' encoding to copy filtered properties files.
2021-03-14 20:36:51,618 [Worker-24: Building] INFO  o.e.m.c.i.embedder.EclipseLogger - Copying 1 resource
2021-03-14 20:36:51,712 [Worker-24: Building] INFO  o.e.m.c.i.embedder.EclipseLogger - Copying 0 resource
2021-03-14 20:36:51,734 [Worker-24: Building] INFO  o.e.m.c.i.embedder.EclipseLogger - Using 'UTF-8' encoding to copy filtered resources.
2021-03-14 20:36:51,744 [Worker-24: Building] INFO  o.e.m.c.i.embedder.EclipseLogger - Using 'UTF-8' encoding to copy filtered properties files.
2021-03-14 20:36:51,747 [Worker-24: Building] INFO  o.e.m.c.i.embedder.EclipseLogger - skip non existing resourceDirectory /home/fernando/Documents/microservicios-codigorupestre/usuario-codigo-rupestre/src/test/resources
2021-03-14 20:37:14,279 [Worker-30: Building] INFO  o.e.m.c.i.embedder.EclipseLogger - Using 'UTF-8' encoding to copy filtered resources.
2021-03-14 20:37:14,280 [Worker-30: Building] INFO  o.e.m.c.i.embedder.EclipseLogger - Using 'UTF-8' encoding to copy filtered properties files.
2021-03-14 20:37:14,299 [Worker-30: Building] INFO  o.e.m.c.i.embedder.EclipseLogger - Copying 1 resource
2021-03-14 20:37:14,606 [Worker-30: Building] INFO  o.e.m.c.i.embedder.EclipseLogger - Copying 0 resource
2021-03-14 20:37:14,628 [Worker-30: Building] INFO  o.e.m.c.i.embedder.EclipseLogger - Using 'UTF-8' encoding to copy filtered resources.
2021-03-14 20:37:14,628 [Worker-30: Building] INFO  o.e.m.c.i.embedder.EclipseLogger - Using 'UTF-8' encoding to copy filtered properties files.
2021-03-14 20:37:14,637 [Worker-30: Building] INFO  o.e.m.c.i.embedder.EclipseLogger - skip non existing resourceDirectory /home/fernando/Documents/microservicios-codigorupestre/usuario-codigo-rupestre/src/test/resources
2021-03-14 20:37:32,778 [Worker-31: Building] INFO  o.e.m.c.i.embedder.EclipseLogger - Using 'UTF-8' encoding to copy filtered resources.
2021-03-14 20:37:32,798 [Worker-31: Building] INFO  o.e.m.c.i.embedder.EclipseLogger - Using 'UTF-8' encoding to copy filtered properties files.
2021-03-14 20:37:32,801 [Worker-31: Building] INFO  o.e.m.c.i.embedder.EclipseLogger - Copying 1 resource
2021-03-14 20:37:33,003 [Worker-31: Building] INFO  o.e.m.c.i.embedder.EclipseLogger - Copying 0 resource
2021-03-14 20:37:33,024 [Worker-31: Building] INFO  o.e.m.c.i.embedder.EclipseLogger - Using 'UTF-8' encoding to copy filtered resources.
2021-03-14 20:37:33,024 [Worker-31: Building] INFO  o.e.m.c.i.embedder.EclipseLogger - Using 'UTF-8' encoding to copy filtered properties files.
2021-03-14 20:37:33,024 [Worker-31: Building] INFO  o.e.m.c.i.embedder.EclipseLogger - skip non existing resourceDirectory /home/fernando/Documents/microservicios-codigorupestre/usuario-codigo-rupestre/src/test/resources
2021-03-14 20:37:50,985 [Worker-30: Building] INFO  o.e.m.c.i.embedder.EclipseLogger - Using 'UTF-8' encoding to copy filtered resources.
2021-03-14 20:37:50,985 [Worker-30: Building] INFO  o.e.m.c.i.embedder.EclipseLogger - Using 'UTF-8' encoding to copy filtered properties files.
2021-03-14 20:37:50,985 [Worker-30: Building] INFO  o.e.m.c.i.embedder.EclipseLogger - Copying 1 resource
2021-03-14 20:37:51,146 [Worker-30: Building] INFO  o.e.m.c.i.embedder.EclipseLogger - Copying 0 resource
2021-03-14 20:37:51,168 [Worker-30: Building] INFO  o.e.m.c.i.embedder.EclipseLogger - Using 'UTF-8' encoding to copy filtered resources.
2021-03-14 20:37:51,169 [Worker-30: Building] INFO  o.e.m.c.i.embedder.EclipseLogger - Using 'UTF-8' encoding to copy filtered properties files.
2021-03-14 20:37:51,169 [Worker-30: Building] INFO  o.e.m.c.i.embedder.EclipseLogger - skip non existing resourceDirectory /home/fernando/Documents/microservicios-codigorupestre/usuario-codigo-rupestre/src/test/resources
2021-03-14 20:39:28,670 [Worker-22: Building] INFO  o.e.m.c.i.embedder.EclipseLogger - Using 'UTF-8' encoding to copy filtered resources.
2021-03-14 20:39:28,671 [Worker-22: Building] INFO  o.e.m.c.i.embedder.EclipseLogger - Using 'UTF-8' encoding to copy filtered properties files.
2021-03-14 20:39:28,671 [Worker-22: Building] INFO  o.e.m.c.i.embedder.EclipseLogger - Copying 1 resource
2021-03-14 20:39:28,755 [Worker-22: Building] INFO  o.e.m.c.i.embedder.EclipseLogger - Copying 0 resource
2021-03-14 20:39:28,805 [Worker-22: Building] INFO  o.e.m.c.i.embedder.EclipseLogger - Using 'UTF-8' encoding to copy filtered resources.
2021-03-14 20:39:28,805 [Worker-22: Building] INFO  o.e.m.c.i.embedder.EclipseLogger - Using 'UTF-8' encoding to copy filtered properties files.
2021-03-14 20:39:28,816 [Worker-22: Building] INFO  o.e.m.c.i.embedder.EclipseLogger - skip non existing resourceDirectory /home/fernando/Documents/microservicios-codigorupestre/usuario-codigo-rupestre/src/test/resources
2021-03-14 20:51:38,418 [Worker-42: Building] INFO  o.e.m.c.i.embedder.EclipseLogger - Using 'UTF-8' encoding to copy filtered resources.
2021-03-14 20:51:38,433 [Worker-42: Building] INFO  o.e.m.c.i.embedder.EclipseLogger - Using 'UTF-8' encoding to copy filtered properties files.
2021-03-14 20:51:38,433 [Worker-42: Building] INFO  o.e.m.c.i.embedder.EclipseLogger - Copying 1 resource
2021-03-14 20:51:38,529 [Worker-42: Building] INFO  o.e.m.c.i.embedder.EclipseLogger - Copying 0 resource
2021-03-14 20:51:38,539 [Worker-42: Building] INFO  o.e.m.c.i.embedder.EclipseLogger - Using 'UTF-8' encoding to copy filtered resources.
2021-03-14 20:51:38,539 [Worker-42: Building] INFO  o.e.m.c.i.embedder.EclipseLogger - Using 'UTF-8' encoding to copy filtered properties files.
2021-03-14 20:51:38,539 [Worker-42: Building] INFO  o.e.m.c.i.embedder.EclipseLogger - skip non existing resourceDirectory /home/fernando/Documents/microservicios-codigorupestre/usuario-codigo-rupestre/src/test/resources
2021-03-14 20:52:05,307 [Worker-39: Building] INFO  o.e.m.c.i.embedder.EclipseLogger - Using 'UTF-8' encoding to copy filtered resources.
2021-03-14 20:52:05,320 [Worker-39: Building] INFO  o.e.m.c.i.embedder.EclipseLogger - Using 'UTF-8' encoding to copy filtered properties files.
2021-03-14 20:52:05,321 [Worker-39: Building] INFO  o.e.m.c.i.embedder.EclipseLogger - Copying 1 resource
2021-03-14 20:52:05,672 [Worker-39: Building] INFO  o.e.m.c.i.embedder.EclipseLogger - Copying 0 resource
2021-03-14 20:52:05,706 [Worker-39: Building] INFO  o.e.m.c.i.embedder.EclipseLogger - Using 'UTF-8' encoding to copy filtered resources.
2021-03-14 20:52:05,713 [Worker-39: Building] INFO  o.e.m.c.i.embedder.EclipseLogger - Using 'UTF-8' encoding to copy filtered properties files.
2021-03-14 20:52:05,713 [Worker-39: Building] INFO  o.e.m.c.i.embedder.EclipseLogger - skip non existing resourceDirectory /home/fernando/Documents/microservicios-codigorupestre/usuario-codigo-rupestre/src/test/resources
2021-03-14 20:52:37,315 [Worker-39: Building] INFO  o.e.m.c.i.embedder.EclipseLogger - Using 'UTF-8' encoding to copy filtered resources.
2021-03-14 20:52:37,315 [Worker-39: Building] INFO  o.e.m.c.i.embedder.EclipseLogger - Using 'UTF-8' encoding to copy filtered properties files.
2021-03-14 20:52:37,316 [Worker-39: Building] INFO  o.e.m.c.i.embedder.EclipseLogger - Copying 1 resource
2021-03-14 20:52:37,364 [Worker-39: Building] INFO  o.e.m.c.i.embedder.EclipseLogger - Copying 0 resource
2021-03-14 20:52:37,369 [Worker-39: Building] INFO  o.e.m.c.i.embedder.EclipseLogger - Using 'UTF-8' encoding to copy filtered resources.
2021-03-14 20:52:37,378 [Worker-39: Building] INFO  o.e.m.c.i.embedder.EclipseLogger - Using 'UTF-8' encoding to copy filtered properties files.
2021-03-14 20:52:37,378 [Worker-39: Building] INFO  o.e.m.c.i.embedder.EclipseLogger - skip non existing resourceDirectory /home/fernando/Documents/microservicios-codigorupestre/usuario-codigo-rupestre/src/test/resources
2021-03-14 20:56:14,468 [Worker-30: Building] INFO  o.e.m.c.i.embedder.EclipseLogger - Using 'UTF-8' encoding to copy filtered resources.
2021-03-14 20:56:14,471 [Worker-30: Building] INFO  o.e.m.c.i.embedder.EclipseLogger - Using 'UTF-8' encoding to copy filtered properties files.
2021-03-14 20:56:14,480 [Worker-30: Building] INFO  o.e.m.c.i.embedder.EclipseLogger - Copying 1 resource
2021-03-14 20:56:14,715 [Worker-30: Building] INFO  o.e.m.c.i.embedder.EclipseLogger - Copying 0 resource
2021-03-14 20:56:14,747 [Worker-30: Building] INFO  o.e.m.c.i.embedder.EclipseLogger - Using 'UTF-8' encoding to copy filtered resources.
2021-03-14 20:56:14,747 [Worker-30: Building] INFO  o.e.m.c.i.embedder.EclipseLogger - Using 'UTF-8' encoding to copy filtered properties files.
2021-03-14 20:56:14,747 [Worker-30: Building] INFO  o.e.m.c.i.embedder.EclipseLogger - skip non existing resourceDirectory /home/fernando/Documents/microservicios-codigorupestre/usuario-codigo-rupestre/src/test/resources
2021-03-14 21:01:48,334 [Worker-4: Loading available Gradle versions] INFO  o.e.b.c.i.u.g.PublishedGradleVersions - Gradle version information cache is up-to-date. Trying to read.
2021-03-14 21:02:27,520 [Worker-14: Building] WARN  o.e.m.c.i.embedder.EclipseLogger - The POM for com.oracle:ojdbc7:jar:12.1.0.2 is missing, no dependency information available
2021-03-14 21:02:32,597 [Worker-14: Building] INFO  o.e.m.c.i.embedder.EclipseLogger - Using 'UTF-8' encoding to copy filtered resources.
2021-03-14 21:02:32,601 [Worker-14: Building] INFO  o.e.m.c.i.embedder.EclipseLogger - Using 'UTF-8' encoding to copy filtered properties files.
2021-03-14 21:02:32,652 [Worker-14: Building] INFO  o.e.m.c.i.embedder.EclipseLogger - Copying 1 resource
2021-03-14 21:02:32,976 [Worker-14: Building] INFO  o.e.m.c.i.embedder.EclipseLogger - Copying 0 resource
2021-03-14 21:02:33,014 [Worker-14: Building] INFO  o.e.m.c.i.embedder.EclipseLogger - Using 'UTF-8' encoding to copy filtered resources.
2021-03-14 21:02:33,026 [Worker-14: Building] INFO  o.e.m.c.i.embedder.EclipseLogger - Using 'UTF-8' encoding to copy filtered properties files.
2021-03-14 21:02:33,026 [Worker-14: Building] INFO  o.e.m.c.i.embedder.EclipseLogger - skip non existing resourceDirectory /home/fernando/Documents/microservicios-codigorupestre/usuario-codigo-rupestre/src/test/resources
2021-03-14 21:12:35,529 [Worker-0: Loading available Gradle versions] INFO  o.e.b.c.i.u.g.PublishedGradleVersions - Gradle version information cache is up-to-date. Trying to read.
2021-03-14 21:15:10,941 [Worker-9: Check for devtools] WARN  o.e.m.c.i.embedder.EclipseLogger - The POM for com.oracle:ojdbc7:jar:12.1.0.2 is missing, no dependency information available
2021-03-14 21:15:20,891 [Worker-6: Launching usuario-codigo-rupestre - UsuarioCodigoRupestreApplication] INFO  o.e.m.c.i.embedder.EclipseLogger - Using 'UTF-8' encoding to copy filtered resources.
2021-03-14 21:15:20,891 [Worker-6: Launching usuario-codigo-rupestre - UsuarioCodigoRupestreApplication] INFO  o.e.m.c.i.embedder.EclipseLogger - Using 'UTF-8' encoding to copy filtered properties files.
2021-03-14 21:15:20,920 [Worker-6: Launching usuario-codigo-rupestre - UsuarioCodigoRupestreApplication] INFO  o.e.m.c.i.embedder.EclipseLogger - Copying 1 resource
2021-03-14 21:15:21,036 [Worker-6: Launching usuario-codigo-rupestre - UsuarioCodigoRupestreApplication] INFO  o.e.m.c.i.embedder.EclipseLogger - Copying 0 resource
2021-03-14 21:15:21,066 [Worker-6: Launching usuario-codigo-rupestre - UsuarioCodigoRupestreApplication] INFO  o.e.m.c.i.embedder.EclipseLogger - Using 'UTF-8' encoding to copy filtered resources.
2021-03-14 21:15:21,066 [Worker-6: Launching usuario-codigo-rupestre - UsuarioCodigoRupestreApplication] INFO  o.e.m.c.i.embedder.EclipseLogger - Using 'UTF-8' encoding to copy filtered properties files.
2021-03-14 21:15:21,066 [Worker-6: Launching usuario-codigo-rupestre - UsuarioCodigoRupestreApplication] INFO  o.e.m.c.i.embedder.EclipseLogger - skip non existing resourceDirectory /home/fernando/Documents/microservicios-codigorupestre/usuario-codigo-rupestre/src/test/resources
2021-04-02 13:26:12,059 [Worker-0: Loading available Gradle versions] INFO  o.e.b.c.i.u.g.PublishedGradleVersions - Gradle version information cache is out-of-date. Trying to update.
2021-04-02 13:40:22,511 [Worker-4: Loading available Gradle versions] INFO  o.e.b.c.i.u.g.PublishedGradleVersions - Gradle version information cache is up-to-date. Trying to read.
